[debug] [2021-12-03T23:52:49.466Z] ----------------------------------------------------------------------
[debug] [2021-12-03T23:52:49.468Z] Command:       C:\Program Files\nodejs\node.exe C:\Users\Andrew Novokshanov\AppData\Roaming\npm\node_modules\firebase-tools\lib\bin\firebase.js init
[debug] [2021-12-03T23:52:49.468Z] CLI Version:   9.23.0
[debug] [2021-12-03T23:52:49.468Z] Platform:      win32
[debug] [2021-12-03T23:52:49.468Z] Node Version:  v14.17.6
[debug] [2021-12-03T23:52:49.469Z] Time:          Fri Dec 03 2021 18:52:49 GMT-0500 (Eastern Standard Time)
[debug] [2021-12-03T23:52:49.469Z] ----------------------------------------------------------------------
[debug] 
[debug] [2021-12-03T23:52:49.474Z] > command requires scopes: ["email","openid","https://www.googleapis.com/auth/cloudplatformprojects.readonly","https://www.googleapis.com/auth/firebase","https://www.googleapis.com/auth/cloud-platform"]
[debug] [2021-12-03T23:52:49.474Z] > authorizing via signed-in user (andrew@novokshanov.com)
[info] 
     ######## #### ########  ######## ########     ###     ######  ########
     ##        ##  ##     ## ##       ##     ##  ##   ##  ##       ##
     ######    ##  ########  ######   ########  #########  ######  ######
     ##        ##  ##    ##  ##       ##     ## ##     ##       ## ##
     ##       #### ##     ## ######## ########  ##     ##  ######  ########

You're about to initialize a Firebase project in this directory:

  C:\Git\1102-FriendsoftheUrbanFoodForest

Before we get started, keep in mind:

  * You are currently outside your home directory

[info] 
=== Project Setup
[info] 
[info] First, let's associate this project directory with a Firebase project.
[info] You can create multiple project aliases by running firebase use --add, 
[info] but for now we'll just set up a default project.
[info] 
[debug] [2021-12-03T23:52:59.659Z] >>> [apiv2][query] GET https://firebase.googleapis.com/v1beta1/projects pageSize=100
[debug] [2021-12-03T23:52:59.896Z] <<< [apiv2][status] GET https://firebase.googleapis.com/v1beta1/projects 200
[debug] [2021-12-03T23:52:59.896Z] <<< [apiv2][body] GET https://firebase.googleapis.com/v1beta1/projects [omitted]
[info] i  Using project friends-of-the-urban-ff (Friends of the Urban FF) 
[info] 
=== Hosting Setup
[info] 
[info] Your public directory is the folder (relative to your project directory) that
[info] will contain Hosting assets to be uploaded with firebase deploy. If you
[info] have a build process for your assets, use your build's output directory.
[info] 
